2026-01-30 23:35:50,640 INFO  com.revconnect.controller.UserController - Login attempt
2026-01-30 23:36:05,469 INFO  com.revconnect.controller.UserController - Login successful for user: Siddhi
2026-01-30 23:36:32,334 INFO  com.revconnect.controller.PostController - Viewing posts for userId=1
2026-01-30 23:37:32,812 INFO  com.revconnect.controller.UserController - Login attempt
2026-01-30 23:37:42,167 INFO  com.revconnect.controller.UserController - Login successful for user: Siddhi
2026-01-30 23:37:56,110 INFO  com.revconnect.controller.CommentController - Opening comments for postId=3 by userId=1
2026-01-30 23:38:01,418 INFO  com.revconnect.controller.CommentController - Viewing comments for postId=3
2026-01-30 23:38:14,360 INFO  com.revconnect.controller.CommentController - Exiting comments menu for postId=3 by userId=1
2026-01-30 23:38:20,622 INFO  com.revconnect.controller.NotificationController - Opening notifications for userId=1
2026-01-30 23:38:34,416 INFO  com.revconnect.controller.NotificationController - All notifications marked as read for userId=1
2026-01-30 23:38:44,175 INFO  com.revconnect.controller.ProfileController - Viewing profile for userId=1
2026-01-30 23:38:58,014 INFO  com.revconnect.controller.FollowController - Viewing followers for userId=1
2026-01-30 23:39:01,250 INFO  com.revconnect.controller.FollowController - Viewing following list for userId=1
2026-01-30 23:39:04,857 INFO  com.revconnect.controller.FollowController - Exiting follow menu for userId=1
2026-01-30 23:39:16,238 INFO  com.revconnect.controller.ProfileController - Searching profiles with keyword='s'
2026-01-30 23:39:33,546 INFO  com.revconnect.controller.ConnectionController - Viewing connections for userId=1
2026-01-30 23:39:37,795 INFO  com.revconnect.controller.ConnectionController - Exiting connections menu for userId=1
2026-01-31 00:05:22,941 INFO  com.revconnect.controller.UserController - Login attempt
2026-01-31 00:05:36,028 INFO  com.revconnect.controller.UserController - Login successful for user: Siddhi
2026-01-31 09:40:37,212 INFO  com.revconnect.controller.UserController - Login attempt
2026-01-31 09:40:49,153 INFO  com.revconnect.controller.UserController - Login successful for user: Siddhi
2026-01-31 09:40:55,692 INFO  com.revconnect.controller.PostController - Viewing posts for userId=1
2026-01-31 09:41:19,533 INFO  com.revconnect.controller.CommentController - Opening comments for postId=3 by userId=1
2026-01-31 09:41:34,272 INFO  com.revconnect.controller.CommentController - Exiting comments menu for postId=3 by userId=1
2026-01-31 09:41:37,497 INFO  com.revconnect.controller.NotificationController - Opening notifications for userId=1
2026-01-31 09:42:02,338 INFO  com.revconnect.controller.NotificationController - All notifications marked as read for userId=1
2026-01-31 09:42:16,405 INFO  com.revconnect.controller.ProfileController - Viewing profile for userId=1
2026-01-31 09:43:00,100 INFO  com.revconnect.controller.LikesController - Post liked postId=3 by userId=1
2026-01-31 09:43:20,030 INFO  com.revconnect.controller.FollowController - Viewing followers for userId=1
2026-01-31 09:43:31,704 INFO  com.revconnect.controller.FollowController - Exiting follow menu for userId=1
2026-01-31 09:43:50,054 INFO  com.revconnect.controller.ProfileController - Searching profiles with keyword='S'
2026-01-31 09:46:38,257 INFO  com.revconnect.controller.ConnectionController - Viewing connections for userId=1
2026-01-31 09:46:52,803 INFO  com.revconnect.controller.ConnectionController - Exiting connections menu for userId=1
2026-01-31 14:00:15,394 INFO  com.revconnect.controller.UserController - User registered successfully: Siddhi_B
2026-01-31 14:00:26,586 INFO  com.revconnect.controller.UserController - Login attempt
2026-01-31 14:00:40,894 INFO  com.revconnect.controller.UserController - Login successful for user: Siddhi
2026-01-31 14:01:12,061 INFO  com.revconnect.controller.PostController - Post created by userId=1
2026-01-31 14:01:18,998 INFO  com.revconnect.controller.PostController - Viewing posts for userId=1
2026-01-31 14:01:52,704 INFO  com.revconnect.controller.PostController - Post updated postId=13 by userId=1
2026-01-31 14:02:15,757 WARN  com.revconnect.controller.PostController - Unauthorized or missing postId=3 for userId=1
2026-01-31 14:02:34,717 WARN  com.revconnect.controller.PostController - Unauthorized or missing postId=2 for userId=1
2026-01-31 14:02:44,087 INFO  com.revconnect.controller.CommentController - Opening comments for postId=13 by userId=1
2026-01-31 14:02:54,018 INFO  com.revconnect.controller.CommentController - Viewing comments for postId=13
2026-01-31 14:02:54,071 WARN  com.revconnect.controller.CommentController - No comments found for postId=13
2026-01-31 14:03:06,109 INFO  com.revconnect.controller.CommentController - Comment added on postId=13 by userId=1
2026-01-31 14:03:11,368 INFO  com.revconnect.controller.CommentController - Viewing comments for postId=13
2026-01-31 14:03:23,425 INFO  com.revconnect.controller.CommentController - Exiting comments menu for postId=13 by userId=1
2026-01-31 14:03:29,500 INFO  com.revconnect.controller.NotificationController - Opening notifications for userId=1
2026-01-31 14:03:45,806 INFO  com.revconnect.controller.NotificationController - All notifications marked as read for userId=1
2026-01-31 14:04:03,992 INFO  com.revconnect.controller.ProfileController - Viewing profile for userId=1
2026-01-31 14:04:35,663 INFO  com.revconnect.controller.ProfileController - Profile updated for userId=1
2026-01-31 14:05:10,510 INFO  com.revconnect.controller.LikesController - Post liked postId=13 by userId=1
2026-01-31 14:05:31,131 INFO  com.revconnect.controller.LikesController - Post unliked postId=13 by userId=1
2026-01-31 14:06:25,868 INFO  com.revconnect.controller.FollowController - UserId=1 followed userId=1
2026-01-31 14:06:46,682 INFO  com.revconnect.controller.FollowController - UserId=1 unfollowed userId=1
2026-01-31 14:06:53,706 INFO  com.revconnect.controller.FollowController - Viewing followers for userId=1
2026-01-31 14:06:53,735 WARN  com.revconnect.controller.FollowController - No followers for userId=1
2026-01-31 14:07:00,998 INFO  com.revconnect.controller.FollowController - Viewing following list for userId=1
2026-01-31 14:07:10,670 INFO  com.revconnect.controller.FollowController - Exiting follow menu for userId=1
2026-01-31 14:07:25,834 INFO  com.revconnect.controller.ProfileController - Searching profiles with keyword='S'
2026-01-31 14:07:37,407 INFO  com.revconnect.controller.ProfileController - Viewing other user profile userId=5
2026-01-31 14:07:58,769 INFO  com.revconnect.controller.ConnectionController - Connection request sent from userId=1 to userId=13
2026-01-31 14:08:11,642 INFO  com.revconnect.controller.ConnectionController - Viewing pending connection requests for userId=1
2026-01-31 14:08:11,670 WARN  com.revconnect.controller.ConnectionController - No pending connection requests for userId=1
2026-01-31 14:08:28,966 INFO  com.revconnect.controller.ConnectionController - Viewing connections for userId=1
2026-01-31 14:08:42,753 INFO  com.revconnect.controller.ConnectionController - Connection removed between userId=1 and userId=2
2026-01-31 14:08:49,713 INFO  com.revconnect.controller.ConnectionController - Exiting connections menu for userId=1
